TN:
SF:src\helpers.ts
FN:4,(anonymous_0)
FN:8,(anonymous_1)
FN:12,(anonymous_2)
FN:24,(anonymous_3)
FNF:4
FNH:4
FNDA:7,(anonymous_0)
FNDA:5,(anonymous_1)
FNDA:8,(anonymous_2)
FNDA:31,(anonymous_3)
DA:1,3
DA:4,3
DA:5,7
DA:8,3
DA:9,5
DA:12,8
DA:13,8
DA:14,1
DA:17,7
DA:18,3
DA:21,4
DA:24,3
DA:25,31
LF:13
LH:13
BRDA:13,0,0,1
BRDA:13,1,0,8
BRDA:13,1,1,7
BRDA:17,2,0,3
BRDA:17,3,0,7
BRDA:17,3,1,5
BRF:6
BRH:6
end_of_record
TN:
SF:src\services\public-holidays.service.ts
FN:8,(anonymous_14)
FN:8,(anonymous_15)
FN:15,(anonymous_17)
FN:21,(anonymous_18)
FN:21,(anonymous_19)
FN:32,(anonymous_21)
FN:32,(anonymous_22)
FN:39,(anonymous_24)
FNF:8
FNH:8
FNDA:3,(anonymous_14)
FNDA:3,(anonymous_15)
FNDA:15,(anonymous_17)
FNDA:1,(anonymous_18)
FNDA:1,(anonymous_19)
FNDA:1,(anonymous_21)
FNDA:1,(anonymous_22)
FNDA:15,(anonymous_24)
DA:1,2
DA:2,2
DA:3,2
DA:8,3
DA:9,3
DA:12,1
DA:15,15
DA:17,0
DA:21,2
DA:22,1
DA:25,1
DA:26,1
DA:28,0
DA:32,2
DA:33,1
DA:36,1
DA:39,15
DA:41,0
LF:18
LH:15
BRF:0
BRH:0
end_of_record
